<?xml version="1.0" encoding="utf-8"?><testsuites name="pytest tests"><testsuite name="pytest" errors="0" failures="2" skipped="0" tests="11" time="8.410" timestamp="2026-08-26T15:33:25.903991+00:00" hostname="agent-env-5f4eaf2c-d141-4a0a-bdb2-74d598729bd2"><testcase classname="tests.test_khetsetu_geo_api" name="test_geo_route_public" time="0.544" /><testcase classname="tests.test_khetsetu_geo_api" name="test_geo_geocode_public" time="1.963" /><testcase classname="tests.test_khetsetu_geo_api" name="test_weather_public" time="0.328" /><testcase classname="tests.test_khetsetu_geo_api" name="test_market_prices_public_and_filter" time="0.087"><failure message="AssertionError: assert (False)&#10; +  where False = isinstance({'rows': [{'crop': 'Tomato', 'market': 'Kalyani Krishi Mandi', 'location': 'Kalyani, Nadia, West Bengal', 'price': 28, ...}, {'crop': 'Tomato', 'market': 'Sealdah Koley Market', 'location': 'Kolkata, West Bengal', 'price': 31, ...}, {'crop': 'Potato', 'market': 'Kalyani Krishi Mandi', 'location': 'Kalyani, Nadia, West Bengal', 'price': 19, ...}, {'crop': 'Potato', 'market': 'Barasat Haat', 'location': 'Barasat, West Bengal', 'price': 21, ...}, {'crop': 'Onion', 'market': 'Krishnanagar Bazar', 'location': 'Krishnanagar, Nadia, West Bengal', 'price': 22, ...}, {'crop': 'Onion', 'market': 'Sealdah Koley Market', 'location': 'Kolkata, West Bengal', 'price': 24, ...}, ...], 'source': 'demo', 'demo': True, 'external_configured': False}, list)">backend/tests/test_khetsetu_geo_api.py:52: in test_market_prices_public_and_filter
    assert isinstance(rows, list) and len(rows) &gt; 0
E   AssertionError: assert (False)
E    +  where False = isinstance({'rows': [{'crop': 'Tomato', 'market': 'Kalyani Krishi Mandi', 'location': 'Kalyani, Nadia, West Bengal', 'price': 28, ...}, {'crop': 'Tomato', 'market': 'Sealdah Koley Market', 'location': 'Kolkata, West Bengal', 'price': 31, ...}, {'crop': 'Potato', 'market': 'Kalyani Krishi Mandi', 'location': 'Kalyani, Nadia, West Bengal', 'price': 19, ...}, {'crop': 'Potato', 'market': 'Barasat Haat', 'location': 'Barasat, West Bengal', 'price': 21, ...}, {'crop': 'Onion', 'market': 'Krishnanagar Bazar', 'location': 'Krishnanagar, Nadia, West Bengal', 'price': 22, ...}, {'crop': 'Onion', 'market': 'Sealdah Koley Market', 'location': 'Kolkata, West Bengal', 'price': 24, ...}, ...], 'source': 'demo', 'demo': True, 'external_configured': False}, list)</failure></testcase><testcase classname="tests.test_khetsetu_geo_api" name="test_marketplace_has_matching_fields" time="0.374" /><testcase classname="tests.test_khetsetu_geo_api" name="test_map_overview_auth" time="0.379" /><testcase classname="tests.test_khetsetu_geo_api" name="test_orders_logistics_auth" time="0.449" /><testcase classname="tests.test_khetsetu_geo_api" name="test_create_order_has_logistics_fields" time="0.485" /><testcase classname="tests.test_khetsetu_geo_api" name="test_produce_geocoded_on_create" time="2.254" /><testcase classname="tests.test_khetsetu_geo_api" name="test_admin_integrations_status_and_tests" time="0.563"><failure message="assert ('api_key' not in &quot;{'integrati...ed': true}]}&quot;&#10;  &#10;  'api_key' is contained here:&#10;    {'integrations': [{'service': 'maps', 'label': 'maps api', 'status': 'connected', 'detail': 'openstreetmap tiles + osrm routing (free tier, no key required).', 'key_configured': false}, {'service': 'weather', 'label': 'weather api', 'status': 'connected', 'detail': 'open-meteo live forecast (free tier, no key required).', 'key_configured': false}, {'service': 'market', 'label': 'market price api', 'status': 'demo', 'detail': 'seeded prototype mandi data. connect a verified government/agri api via market_api_key without frontend changes.', 'key_configured': fa...&#10;  &#10;  ...Full output truncated (2 lines hidden), use '-vv' to show)">backend/tests/test_khetsetu_geo_api.py:146: in test_admin_integrations_status_and_tests
    assert "api_key" not in dumped and "secret" not in dumped
E   assert ('api_key' not in "{'integrati...ed': true}]}"
E     
E     'api_key' is contained here:
E       {'integrations': [{'service': 'maps', 'label': 'maps api', 'status': 'connected', 'detail': 'openstreetmap tiles + osrm routing (free tier, no key required).', 'key_configured': false}, {'service': 'weather', 'label': 'weather api', 'status': 'connected', 'detail': 'open-meteo live forecast (free tier, no key required).', 'key_configured': false}, {'service': 'market', 'label': 'market price api', 'status': 'demo', 'detail': 'seeded prototype mandi data. connect a verified government/agri api via market_api_key without frontend changes.', 'key_configured': fa...
E     
E     ...Full output truncated (2 lines hidden), use '-vv' to show)</failure></testcase><testcase classname="tests.test_khetsetu_geo_api" name="test_admin_integrations_forbidden_non_admin" time="0.349" /></testsuite></testsuites>