<?xml version="1.0" encoding="utf-8"?><testsuites name="pytest tests"><testsuite name="pytest" errors="0" failures="0" skipped="0" tests="16" time="8.336" timestamp="2026-08-26T15:34:06.112650+00:00" hostname="agent-env-5f4eaf2c-d141-4a0a-bdb2-74d598729bd2"><testcase classname="tests.test_khetsetu_geo_api" name="test_geo_route_public" time="0.482" /><testcase classname="tests.test_khetsetu_api" name="test_root_and_demo_logins_and_session" time="1.281" /><testcase classname="tests.test_khetsetu_geo_api" name="test_geo_geocode_public" time="2.140" /><testcase classname="tests.test_khetsetu_api" name="test_invalid_login_and_logout" time="0.705" /><testcase classname="tests.test_khetsetu_api" name="test_farmer_dashboard_produce_crud_and_search" time="2.677" /><testcase classname="tests.test_khetsetu_geo_api" name="test_weather_public" time="0.209" /><testcase classname="tests.test_khetsetu_geo_api" name="test_market_prices_public_and_filter" time="0.231" /><testcase classname="tests.test_khetsetu_geo_api" name="test_marketplace_has_matching_fields" time="0.349" /><testcase classname="tests.test_khetsetu_geo_api" name="test_map_overview_auth" time="0.344" /><testcase classname="tests.test_khetsetu_geo_api" name="test_orders_logistics_auth" time="0.487" /><testcase classname="tests.test_khetsetu_geo_api" name="test_create_order_has_logistics_fields" time="0.382" /><testcase classname="tests.test_khetsetu_geo_api" name="test_produce_geocoded_on_create" time="2.011" /><testcase classname="tests.test_khetsetu_api" name="test_marketplace_order_status_notifications_and_prices" time="1.145" /><testcase classname="tests.test_khetsetu_api" name="test_admin_authorization_and_metrics" time="0.752" /><testcase classname="tests.test_khetsetu_geo_api" name="test_admin_integrations_status_and_tests" time="0.836" /><testcase classname="tests.test_khetsetu_geo_api" name="test_admin_integrations_forbidden_non_admin" time="0.364" /></testsuite></testsuites>