<?xml version="1.0" encoding="utf-8"?><testsuites name="pytest tests"><testsuite name="pytest" errors="0" failures="0" skipped="0" tests="16" time="5.220" timestamp="2026-08-26T07:23:57.775588+00:00" hostname="agent-env-5f4eaf2c-d141-4a0a-bdb2-74d598729bd2"><testcase classname="tests.test_khetsetu_api" name="test_root_and_demo_logins_and_session" time="1.679" /><testcase classname="tests.test_cors" name="test_root_no_crash" time="0.004" /><testcase classname="tests.test_cors" name="test_preflight_approved_origin[https://farm-fair-connect.preview.emergentagent.com]" time="0.002" /><testcase classname="tests.test_cors" name="test_preflight_approved_origin[https://khetsetu.in]" time="0.035" /><testcase classname="tests.test_cors" name="test_preflight_approved_origin[https://www.khetsetu.in]" time="0.002" /><testcase classname="tests.test_cors" name="test_preflight_approved_origin[http://localhost:3000]" time="0.002" /><testcase classname="tests.test_cors" name="test_preflight_approved_origin[https://random-app.preview.emergentagent.com]" time="0.002" /><testcase classname="tests.test_cors" name="test_preflight_disallowed_origin[https://evil.example.com]" time="0.001" /><testcase classname="tests.test_cors" name="test_preflight_disallowed_origin[http://attacker.local]" time="0.002" /><testcase classname="tests.test_cors" name="test_actual_login_has_cors_headers_and_cookie" time="0.254" /><testcase classname="tests.test_cors" name="test_actual_login_khetsetu_origin" time="0.258" /><testcase classname="tests.test_cors" name="test_allowed_headers_present" time="0.228" /><testcase classname="tests.test_khetsetu_api" name="test_invalid_login_and_logout" time="0.714" /><testcase classname="tests.test_khetsetu_api" name="test_farmer_dashboard_produce_crud_and_search" time="0.552" /><testcase classname="tests.test_khetsetu_api" name="test_marketplace_order_status_notifications_and_prices" time="1.064" /><testcase classname="tests.test_khetsetu_api" name="test_admin_authorization_and_metrics" time="0.717" /></testsuite></testsuites>